This is pdfTeX, Version 3.14159265-2.6-1.40.17 (TeX Live 2016) (preloaded format=pdflatex 2016.5.22)  25 JUN 2019 07:52
entering extended mode
 restricted \write18 enabled.
 file:line:error style messages enabled.
 %&-line parsing enabled.
**StrawTrackerSystematics.tex
(./StrawTrackerSystematics.tex
LaTeX2e <2016/03/31>
Babel <3.9r> and hyphenation patterns for 83 language(s) loaded.
(/usr/local/texlive/2016/texmf-dist/tex/latex/subfiles/subfiles.cls
Document Class: subfiles 2012/05/23 Federico Garcia
(/usr/local/texlive/2016/texmf-dist/tex/latex/tools/verbatim.sty
Package: verbatim 2014/10/28 v1.5q LaTeX2e package for verbatim enhancements
\every@verbatim=\toks14
\verbatim@line=\toks15
\verbatim@in@stream=\read1
)
Preamble taken from file `./Thesis'
(./Thesis.tex (./niuthesis.cls
Document Class: niuthesis 2015/03/26
(/usr/local/texlive/2016/texmf-dist/tex/latex/base/report.cls
Document Class: report 2014/09/29 v1.4h Standard LaTeX document class
(/usr/local/texlive/2016/texmf-dist/tex/latex/base/size12.clo
File: size12.clo 2014/09/29 v1.4h Standard LaTeX file (size option)
)
\c@part=\count79
\c@chapter=\count80
\c@section=\count81
\c@subsection=\count82
\c@subsubsection=\count83
\c@paragraph=\count84
\c@subparagraph=\count85
\c@figure=\count86
\c@table=\count87
\abovecaptionskip=\skip41
\belowcaptionskip=\skip42
\bibindent=\dimen102
) (./ulem.sty
\UL@box=\box26
\UL@hyphenbox=\box27
\UL@skip=\skip43
\UL@hook=\toks16
\UL@pe=\count88
\UL@pixel=\dimen103
\ULC@box=\box28
Package: ulem 2000/05/26
\ULdepth=\dimen104
)
(./setspace.sty
Package: setspace 2000/12/01 6.7 Contributed and Supported LaTeX2e package

Package: `setspace' 6.7 <2000/12/01>
) (./geometry.sty
Package: geometry 2008/12/21 v4.2 Page Geometry

(/usr/local/texlive/2016/texmf-dist/tex/latex/graphics/keyval.sty
Package: keyval 2014/10/28 v1.15 key=value parser (DPC)
\KV@toks@=\toks17
)
(/usr/local/texlive/2016/texmf-dist/tex/generic/oberdiek/ifpdf.sty
Package: ifpdf 2016/05/14 v3.1 Provides the ifpdf switch
)
(/usr/local/texlive/2016/texmf-dist/tex/generic/oberdiek/ifvtex.sty
Package: ifvtex 2016/05/16 v1.6 Detect VTeX and its facilities (HO)
Package ifvtex Info: VTeX not detected.
)
\Gm@cnth=\count89
\Gm@cntv=\count90
\c@Gm@tempcnt=\count91
\Gm@bindingoffset=\dimen105
\Gm@wd@mp=\dimen106
\Gm@odd@mp=\dimen107
\Gm@even@mp=\dimen108
\Gm@dimlist=\toks18
)
(./calc.sty
Package: calc 2007/08/22 v4.3 Infix arithmetic (KKT,FJ)
\calc@Acount=\count92
\calc@Bcount=\count93
\calc@Adimen=\dimen109
\calc@Bdimen=\dimen110
\calc@Askip=\skip44
\calc@Bskip=\skip45
LaTeX Info: Redefining \setlength on input line 76.
LaTeX Info: Redefining \addtolength on input line 77.
\calc@Ccount=\count94
\calc@Cskip=\skip46
) (./titlesec.sty
Package: titlesec 2007/08/12 v2.8 Sectioning titles
\ttl@box=\box29
\beforetitleunit=\skip47
\aftertitleunit=\skip48
\ttl@plus=\dimen111
\ttl@minus=\dimen112
\ttl@toksa=\toks19
\titlewidth=\dimen113
\titlewidthlast=\dimen114
\titlewidthfirst=\dimen115
) (./titletoc.sty
Package: titletoc 2007/08/12 v1.6 TOC entries
\ttl@leftsep=\dimen116
) (./tocbibind.sty
Package: tocbibind 2009/09/04 v1.5i extra ToC listings


Package tocbibind Note: The document has chapter divisions.


Package tocbibind Note: Using chapter style headings, unless overridden.

)
\absbox=\box30
\dedibox=\box31
\acknbox=\box32
) (/usr/local/texlive/2016/texmf-dist/tex/latex/amsfonts/amssymb.sty
Package: amssymb 2013/01/14 v3.01 AMS font symbols

(/usr/local/texlive/2016/texmf-dist/tex/latex/amsfonts/amsfonts.sty
Package: amsfonts 2013/01/14 v3.01 Basic AMSFonts support
\@emptytoks=\toks20
\symAMSa=\mathgroup4
\symAMSb=\mathgroup5
LaTeX Font Info:    Overwriting math alphabet `\mathfrak' in version `bold'
(Font)                  U/euf/m/n --> U/euf/b/n on input line 106.
))
(/usr/local/texlive/2016/texmf-dist/tex/latex/subfiles/subfiles.sty
Package: subfiles 2012/05/23 Federico Garcia
)
(/usr/local/texlive/2016/texmf-dist/tex/latex/base/latexsym.sty
Package: latexsym 1998/08/17 v2.2e Standard LaTeX package (lasy symbols)
\symlasy=\mathgroup6
LaTeX Font Info:    Overwriting symbol font `lasy' in version `bold'
(Font)                  U/lasy/m/n --> U/lasy/b/n on input line 52.
)
(/usr/local/texlive/2016/texmf-dist/tex/latex/graphics/graphicx.sty
Package: graphicx 2014/10/28 v1.0g Enhanced LaTeX Graphics (DPC,SPQR)

(/usr/local/texlive/2016/texmf-dist/tex/latex/graphics/graphics.sty
Package: graphics 2016/05/09 v1.0r Standard LaTeX Graphics (DPC,SPQR)

(/usr/local/texlive/2016/texmf-dist/tex/latex/graphics/trig.sty
Package: trig 2016/01/03 v1.10 sin cos tan (DPC)
)
(/usr/local/texlive/2016/texmf-dist/tex/latex/graphics-cfg/graphics.cfg
File: graphics.cfg 2016/01/02 v1.10 sample graphics configuration
)
Package graphics Info: Driver file: pdftex.def on input line 96.

(/usr/local/texlive/2016/texmf-dist/tex/latex/pdftex-def/pdftex.def
File: pdftex.def 2011/05/27 v0.06d Graphics/color for pdfTeX

(/usr/local/texlive/2016/texmf-dist/tex/generic/oberdiek/infwarerr.sty
Package: infwarerr 2016/05/16 v1.4 Providing info/warning/error messages (HO)
)
(/usr/local/texlive/2016/texmf-dist/tex/generic/oberdiek/ltxcmds.sty
Package: ltxcmds 2016/05/16 v1.23 LaTeX kernel commands for general use (HO)
)
\Gread@gobject=\count95
))
\Gin@req@height=\dimen117
\Gin@req@width=\dimen118
)
(/usr/local/texlive/2016/texmf-dist/tex/latex/rotating/rotating.sty
Package: rotating 2009/03/28 v2.16a rotated objects in LaTeX

(/usr/local/texlive/2016/texmf-dist/tex/latex/base/ifthen.sty
Package: ifthen 2014/09/29 v1.1c Standard LaTeX ifthen package (DPC)
)
\c@r@tfl@t=\count96
\rotFPtop=\skip49
\rotFPbot=\skip50
\rot@float@box=\box33
\rot@mess@toks=\toks21
)
(/usr/local/texlive/2016/texmf-dist/tex/latex/hyperref/hyperref.sty
Package: hyperref 2016/05/05 v6.83n Hypertext links for LaTeX

(/usr/local/texlive/2016/texmf-dist/tex/generic/oberdiek/hobsub-hyperref.sty
Package: hobsub-hyperref 2016/05/16 v1.14 Bundle oberdiek, subset hyperref (HO)


(/usr/local/texlive/2016/texmf-dist/tex/generic/oberdiek/hobsub-generic.sty
Package: hobsub-generic 2016/05/16 v1.14 Bundle oberdiek, subset generic (HO)
Package: hobsub 2016/05/16 v1.14 Construct package bundles (HO)
Package hobsub Info: Skipping package `infwarerr' (already loaded).
Package hobsub Info: Skipping package `ltxcmds' (already loaded).
Package: ifluatex 2016/05/16 v1.4 Provides the ifluatex switch (HO)
Package ifluatex Info: LuaTeX not detected.
Package hobsub Info: Skipping package `ifvtex' (already loaded).
Package: intcalc 2016/05/16 v1.2 Expandable calculations with integers (HO)
Package hobsub Info: Skipping package `ifpdf' (already loaded).
Package: etexcmds 2016/05/16 v1.6 Avoid name clashes with e-TeX commands (HO)
Package etexcmds Info: Could not find \expanded.
(etexcmds)             That can mean that you are not using pdfTeX 1.50 or
(etexcmds)             that some package has redefined \expanded.
(etexcmds)             In the latter case, load this package earlier.
Package: kvsetkeys 2016/05/16 v1.17 Key value parser (HO)
Package: kvdefinekeys 2016/05/16 v1.4 Define keys (HO)
Package: pdftexcmds 2016/05/10 v0.21 Utility functions of pdfTeX for LuaTeX (HO
)
Package pdftexcmds Info: LuaTeX not detected.
Package pdftexcmds Info: \pdf@primitive is available.
Package pdftexcmds Info: \pdf@ifprimitive is available.
Package pdftexcmds Info: \pdfdraftmode found.
Package: pdfescape 2016/05/16 v1.14 Implements pdfTeX's escape features (HO)
Package: bigintcalc 2016/05/16 v1.4 Expandable calculations on big integers (HO
)
Package: bitset 2016/05/16 v1.2 Handle bit-vector datatype (HO)
Package: uniquecounter 2016/05/16 v1.3 Provide unlimited unique counter (HO)
)
Package hobsub Info: Skipping package `hobsub' (already loaded).
Package: letltxmacro 2016/05/16 v1.5 Let assignment for LaTeX macros (HO)
Package: hopatch 2016/05/16 v1.3 Wrapper for package hooks (HO)
Package: xcolor-patch 2016/05/16 xcolor patch
Package: atveryend 2016/05/16 v1.9 Hooks at the very end of document (HO)
Package: atbegshi 2016/05/16 v1.17 At begin shipout hook (HO)
Package: refcount 2016/05/16 v3.5 Data extraction from label references (HO)
Package: hycolor 2016/05/16 v1.8 Color options for hyperref/bookmark (HO)
)
(/usr/local/texlive/2016/texmf-dist/tex/generic/ifxetex/ifxetex.sty
Package: ifxetex 2010/09/12 v0.6 Provides ifxetex conditional
)
(/usr/local/texlive/2016/texmf-dist/tex/latex/oberdiek/auxhook.sty
Package: auxhook 2016/05/16 v1.4 Hooks for auxiliary files (HO)


Package auxhook Warning: Cannot patch \document,
(auxhook)                using \AtBeginDocument instead.

) (/usr/local/texlive/2016/texmf-dist/tex/latex/oberdiek/kvoptions.sty
Package: kvoptions 2016/05/16 v3.12 Key value format for package options (HO)
)
\@linkdim=\dimen119
\Hy@linkcounter=\count97
\Hy@pagecounter=\count98

(/usr/local/texlive/2016/texmf-dist/tex/latex/hyperref/pd1enc.def
File: pd1enc.def 2016/05/05 v6.83n Hyperref: PDFDocEncoding definition (HO)
)
\Hy@SavedSpaceFactor=\count99

(/usr/local/texlive/2016/texmf-dist/tex/latex/latexconfig/hyperref.cfg
File: hyperref.cfg 2002/06/06 v1.2 hyperref configuration of TeXLive
)
Package hyperref Info: Hyper figures OFF on input line 4446.
Package hyperref Info: Link nesting OFF on input line 4451.
Package hyperref Info: Hyper index ON on input line 4454.
Package hyperref Info: Plain pages OFF on input line 4461.
Package hyperref Info: Backreferencing OFF on input line 4466.
Package hyperref Info: Implicit mode ON; LaTeX internals redefined.
Package hyperref Info: Bookmarks ON on input line 4691.
\c@Hy@tempcnt=\count100

(/usr/local/texlive/2016/texmf-dist/tex/latex/url/url.sty
\Urlmuskip=\muskip10
Package: url 2013/09/16  ver 3.4  Verb mode for urls, etc.
)
LaTeX Info: Redefining \url on input line 5044.
\XeTeXLinkMargin=\dimen120
\Fld@menulength=\count101
\Field@Width=\dimen121
\Fld@charsize=\dimen122
Package hyperref Info: Hyper figures OFF on input line 6298.
Package hyperref Info: Link nesting OFF on input line 6303.
Package hyperref Info: Hyper index ON on input line 6306.
Package hyperref Info: backreferencing OFF on input line 6313.
Package hyperref Info: Link coloring OFF on input line 6318.
Package hyperref Info: Link coloring with OCG OFF on input line 6323.
Package hyperref Info: PDF/A mode OFF on input line 6328.
LaTeX Info: Redefining \ref on input line 6368.
LaTeX Info: Redefining \pageref on input line 6372.
\Hy@abspage=\count102
\c@Item=\count103
\c@Hfootnote=\count104
)

Package hyperref Message: Driver (autodetected): hpdftex.

(/usr/local/texlive/2016/texmf-dist/tex/latex/hyperref/hpdftex.def
File: hpdftex.def 2016/05/05 v6.83n Hyperref driver for pdfTeX
\Fld@listcount=\count105
\c@bookmark@seq@number=\count106

(/usr/local/texlive/2016/texmf-dist/tex/latex/oberdiek/rerunfilecheck.sty
Package: rerunfilecheck 2016/05/16 v1.8 Rerun checks for auxiliary files (HO)
Package uniquecounter Info: New unique counter `rerunfilecheck' on input line 2
82.
)
\Hy@SectionHShift=\skip51
)))
(./StrawTrackerSystematics.aux

LaTeX Warning: Label `fig:ResRun' multiply defined.


LaTeX Warning: Label `fig:StdVertSmear' multiply defined.

)
\openout1 = `StrawTrackerSystematics.aux'.

LaTeX Font Info:    Checking defaults for OML/cmm/m/it on input line 5.
LaTeX Font Info:    ... okay on input line 5.
LaTeX Font Info:    Checking defaults for T1/cmr/m/n on input line 5.
LaTeX Font Info:    ... okay on input line 5.
LaTeX Font Info:    Checking defaults for OT1/cmr/m/n on input line 5.
LaTeX Font Info:    ... okay on input line 5.
LaTeX Font Info:    Checking defaults for OMS/cmsy/m/n on input line 5.
LaTeX Font Info:    ... okay on input line 5.
LaTeX Font Info:    Checking defaults for OMX/cmex/m/n on input line 5.
LaTeX Font Info:    ... okay on input line 5.
LaTeX Font Info:    Checking defaults for U/cmr/m/n on input line 5.
LaTeX Font Info:    ... okay on input line 5.
LaTeX Font Info:    Checking defaults for PD1/pdf/m/n on input line 5.
LaTeX Font Info:    ... okay on input line 5.

*geometry detected driver: dvips*
-------------------- Geometry parameters
paper: letterpaper
landscape: --
twocolumn: --
twoside: --
asymmetric: --
h-parts: 72.26999pt, 469.75502pt, 72.26999pt
v-parts: 72.26999pt, 650.43001pt, 72.26999pt
hmarginratio: --
vmarginratio: --
lines: --
heightrounded: --
bindingoffset: 0.0pt
truedimen: --
includehead: true
includefoot: --
includemp: --
driver: dvips
-------------------- Page layout dimensions and switches
\paperwidth  614.295pt
\paperheight 794.96999pt
\textwidth  469.75502pt
\textheight 613.43001pt
\oddsidemargin  0.0pt
\evensidemargin 0.0pt
\topmargin  0.0pt
\headheight 12.0pt
\headsep    25.0pt
\footskip   30.0pt
\marginparwidth 44.0pt
\marginparsep   10.0pt
\columnsep  10.0pt
\skip\footins  10.8pt plus 4.0pt minus 2.0pt
\hoffset 0.0pt
\voffset 0.0pt
\mag 1000

(1in=72.27pt, 1cm=28.45pt)
-----------------------
(/usr/local/texlive/2016/texmf-dist/tex/context/base/mkii/supp-pdf.mkii
[Loading MPS to PDF converter (version 2006.09.02).]
\scratchcounter=\count107
\scratchdimen=\dimen123
\scratchbox=\box34
\nofMPsegments=\count108
\nofMParguments=\count109
\everyMPshowfont=\toks22
\MPscratchCnt=\count110
\MPscratchDim=\dimen124
\MPnumerator=\count111
\makeMPintoPDFobject=\count112
\everyMPtoPDFconversion=\toks23
) (/usr/local/texlive/2016/texmf-dist/tex/latex/oberdiek/epstopdf-base.sty
Package: epstopdf-base 2016/05/15 v2.6 Base part for package epstopdf

(/usr/local/texlive/2016/texmf-dist/tex/latex/oberdiek/grfext.sty
Package: grfext 2016/05/16 v1.2 Manage graphics extensions (HO)
)
Package grfext Info: Graphics extension search list:
(grfext)             [.png,.pdf,.jpg,.mps,.jpeg,.jbig2,.jb2,.PNG,.PDF,.JPG,.JPE
G,.JBIG2,.JB2,.eps]
(grfext)             \AppendGraphicsExtensions on input line 456.

(/usr/local/texlive/2016/texmf-dist/tex/latex/latexconfig/epstopdf-sys.cfg
File: epstopdf-sys.cfg 2010/07/13 v1.3 Configuration of (r)epstopdf for TeX Liv
e
))
\AtBeginShipoutBox=\box35
Package hyperref Info: Link coloring OFF on input line 5.

(/usr/local/texlive/2016/texmf-dist/tex/latex/hyperref/nameref.sty
Package: nameref 2012/10/27 v2.43 Cross-referencing by name of section

(/usr/local/texlive/2016/texmf-dist/tex/generic/oberdiek/gettitlestring.sty
Package: gettitlestring 2016/05/16 v1.5 Cleanup title references (HO)
)
\c@section@level=\count113
)
LaTeX Info: Redefining \ref on input line 5.
LaTeX Info: Redefining \pageref on input line 5.
LaTeX Info: Redefining \nameref on input line 5.

(./StrawTrackerSystematics.out) (./StrawTrackerSystematics.out)
\@outlinefile=\write3
\openout3 = `StrawTrackerSystematics.out'.


Chapter 1.

LaTeX Warning: Reference `{fig:PicXtalk}' on page 1 undefined on input line 11.


LaTeX Font Info:    Try loading font information for U+msa on input line 11.
(/usr/local/texlive/2016/texmf-dist/tex/latex/amsfonts/umsa.fd
File: umsa.fd 2013/01/14 v3.01 AMS symbols A
)
LaTeX Font Info:    Try loading font information for U+msb on input line 11.

(/usr/local/texlive/2016/texmf-dist/tex/latex/amsfonts/umsb.fd
File: umsb.fd 2013/01/14 v3.01 AMS symbols B
)
LaTeX Font Info:    Try loading font information for U+lasy on input line 11.

(/usr/local/texlive/2016/texmf-dist/tex/latex/base/ulasy.fd
File: ulasy.fd 1998/08/17 v2.2e LaTeX symbol font definitions
) [1
Non-PDF special ignored!



{/usr/local/texlive/2016/texmf-var/fonts/map/pdftex/updmap/pdftex.map}]
<./Images/CrossTalkEval.jpeg, id=57, 342.27875pt x 145.54375pt>
File: ./Images/CrossTalkEval.jpeg Graphic file (type jpg)

<use ./Images/CrossTalkEval.jpeg>
Package pdftex.def Info: ./Images/CrossTalkEval.jpeg used on input line 17.
(pdftex.def)             Requested size: 635.7231pt x 270.30118pt.
 [2 <./Images/CrossTalkEval.jpeg>] [3]
<./Images/TimeDiffXtalk.jpeg, id=70, 772.8875pt x 457.71pt>
File: ./Images/TimeDiffXtalk.jpeg Graphic file (type jpg)

<use ./Images/TimeDiffXtalk.jpeg>
Package pdftex.def Info: ./Images/TimeDiffXtalk.jpeg used on input line 32.
(pdftex.def)             Requested size: 456.44781pt x 270.30118pt.

<./Images/DriftTimeXtalk.png, id=71, 702.625pt x 523.9575pt>
File: ./Images/DriftTimeXtalk.png Graphic file (type png)

<use ./Images/DriftTimeXtalk.png>
Package pdftex.def Info: ./Images/DriftTimeXtalk.png used on input line 38.
(pdftex.def)             Requested size: 362.4831pt x 270.30118pt.

<./Images/DCAXtalk.png, id=73, 702.625pt x 523.9575pt>
File: ./Images/DCAXtalk.png Graphic file (type png)

<use ./Images/DCAXtalk.png>
Package pdftex.def Info: ./Images/DCAXtalk.png used on input line 44.
(pdftex.def)             Requested size: 362.4831pt x 270.30118pt.

<./Images/NormalHitWidth.jpeg, id=76, 1086.0575pt x 590.205pt>
File: ./Images/NormalHitWidth.jpeg Graphic file (type jpg)

<use ./Images/NormalHitWidth.jpeg>
Package pdftex.def Info: ./Images/NormalHitWidth.jpeg used on input line 52.
(pdftex.def)             Requested size: 497.38844pt x 270.30118pt.

<./Images/HitWidthsXtalkComparison.png, id=77, 702.625pt x 523.9575pt>
File: ./Images/HitWidthsXtalkComparison.png Graphic file (type png)

<use ./Images/HitWidthsXtalkComparison.png>
Package pdftex.def Info: ./Images/HitWidthsXtalkComparison.png used on input li
ne 59.
(pdftex.def)             Requested size: 362.4831pt x 270.30118pt.
 [4] [5 <./Images/TimeDiffXtalk.jpeg> <./Images/DriftTimeXtalk.png>] [6 <./Imag
es/DCAXtalk.png> <./Images/NormalHitWidth.jpeg>] [7 <./Images/HitWidthsXtalkCom
parison.png>]
<./Images/NoisDigjtsVsTemp.png, id=111, 702.625pt x 523.9575pt>
File: ./Images/NoisDigjtsVsTemp.png Graphic file (type png)

<use ./Images/NoisDigjtsVsTemp.png>
Package pdftex.def Info: ./Images/NoisDigjtsVsTemp.png used on input line 71.
(pdftex.def)             Requested size: 362.4831pt x 270.30118pt.

<./Images/NoiseVsPressure.png, id=112, 702.625pt x 523.9575pt>
File: ./Images/NoiseVsPressure.png Graphic file (type png)

<use ./Images/NoiseVsPressure.png>
Package pdftex.def Info: ./Images/NoiseVsPressure.png used on input line 77.
(pdftex.def)             Requested size: 362.4831pt x 270.30118pt.

<./Images/Noise60hDataSet.png, id=113, 702.625pt x 523.9575pt>
File: ./Images/Noise60hDataSet.png Graphic file (type png)

<use ./Images/Noise60hDataSet.png>
Package pdftex.def Info: ./Images/Noise60hDataSet.png used on input line 83.
(pdftex.def)             Requested size: 362.4831pt x 270.30118pt.

<./Images/PlateauCurve.jpeg, id=114, 811.03pt x 562.1pt>
File: ./Images/PlateauCurve.jpeg Graphic file (type jpg)

<use ./Images/PlateauCurve.jpeg>
Package pdftex.def Info: ./Images/PlateauCurve.jpeg used on input line 89.
(pdftex.def)             Requested size: 390.00774pt x 270.30118pt.

<./Images/VoltageVsCrossTalkProbabilityMod3Stat1.png, id=115, 702.625pt x 523.9
575pt>
File: ./Images/VoltageVsCrossTalkProbabilityMod3Stat1.png Graphic file (type pn
g)
 <use ./Images/VoltageVsCrossTalkProbabilityMod3Stat1.png>
Package pdftex.def Info: ./Images/VoltageVsCrossTalkProbabilityMod3Stat1.png us
ed on input line 96.
(pdftex.def)             Requested size: 362.4831pt x 270.30118pt.
 [8 <./Images/NoisDigjtsVsTemp.png>] [9 <./Images/NoiseVsPressure.png>] [10 <./
Images/Noise60hDataSet.png>] [11 <./Images/PlateauCurve.jpeg>] [12 <./Images/Vo
ltageVsCrossTalkProbabilityMod3Stat1.png>]
<./Images/TimeDistSim.jpeg, id=144, 440.64626pt x 316.18124pt>
File: ./Images/TimeDistSim.jpeg Graphic file (type jpg)

<use ./Images/TimeDistSim.jpeg>
Package pdftex.def Info: ./Images/TimeDistSim.jpeg used on input line 111.
(pdftex.def)             Requested size: 376.72955pt x 270.30118pt.
 [13]
<./Images/XtalkVerticalComp.jpeg, id=155, 703.62875pt x 489.83pt>
File: ./Images/XtalkVerticalComp.jpeg Graphic file (type jpg)

<use ./Images/XtalkVerticalComp.jpeg>
Package pdftex.def Info: ./Images/XtalkVerticalComp.jpeg used on input line 120
.
(pdftex.def)             Requested size: 388.28539pt x 270.30118pt.
 [14 <./Images/TimeDistSim.jpeg>]
<./Images/XtalkRadialComp.jpeg, id=164, 696.6025pt x 469.755pt>
File: ./Images/XtalkRadialComp.jpeg Graphic file (type jpg)

<use ./Images/XtalkRadialComp.jpeg>
Package pdftex.def Info: ./Images/XtalkRadialComp.jpeg used on input line 128.
(pdftex.def)             Requested size: 400.83032pt x 270.30118pt.

<./Images/TracksXtalk.jpeg, id=165, 669.50125pt x 474.77374pt>
File: ./Images/TracksXtalk.jpeg Graphic file (type jpg)

<use ./Images/TracksXtalk.jpeg>
Package pdftex.def Info: ./Images/TracksXtalk.jpeg used on input line 135.
(pdftex.def)             Requested size: 381.1804pt x 270.30118pt.

<./Images/YDiffXtalk.jpeg, id=166, 971.63pt x 477.785pt>
File: ./Images/YDiffXtalk.jpeg Graphic file (type jpg)

<use ./Images/YDiffXtalk.jpeg>
Package pdftex.def Info: ./Images/YDiffXtalk.jpeg used on input line 142.
(pdftex.def)             Requested size: 549.68362pt x 270.30118pt.
 [15 <./Images/XtalkVerticalComp.jpeg>] [16 <./Images/XtalkRadialComp.jpeg>] [1
7 <./Images/TracksXtalk.jpeg> <./Images/YDiffXtalk.jpeg>]

LaTeX Warning: Citation `jMottmiss' on page 18 undefined on input line 159.

<./Images/MissingLayers.jpeg, id=181, 863.225pt x 491.8375pt>
File: ./Images/MissingLayers.jpeg Graphic file (type jpg)

<use ./Images/MissingLayers.jpeg>
Package pdftex.def Info: ./Images/MissingLayers.jpeg used on input line 162.
(pdftex.def)             Requested size: 474.41959pt x 270.30118pt.

<./Images/BadSpacialRes.jpeg, id=182, 879.285pt x 568.1225pt>
File: ./Images/BadSpacialRes.jpeg Graphic file (type jpg)

<use ./Images/BadSpacialRes.jpeg>
Package pdftex.def Info: ./Images/BadSpacialRes.jpeg used on input line 168.
(pdftex.def)             Requested size: 418.3624pt x 270.30118pt.
 [18] [19 <./Images/MissingLayers.jpeg> <./Images/BadSpacialRes.jpeg>]
<./Images/NumDigitsVsRes.jpeg, id=197, 878.28125pt x 503.8825pt>
File: ./Images/NumDigitsVsRes.jpeg Graphic file (type jpg)

<use ./Images/NumDigitsVsRes.jpeg>
Package pdftex.def Info: ./Images/NumDigitsVsRes.jpeg used on input line 177.
(pdftex.def)             Requested size: 471.14227pt x 270.30118pt.

<./Images/ReflectedTrack.jpeg, id=198, 467.7475pt x 334.24875pt>
File: ./Images/ReflectedTrack.jpeg Graphic file (type jpg)

<use ./Images/ReflectedTrack.jpeg>
Package pdftex.def Info: ./Images/ReflectedTrack.jpeg used on input line 183.
(pdftex.def)             Requested size: 378.28813pt x 270.30118pt.
 [20] [21 <./Images/NumDigitsVsRes.jpeg> <./Images/ReflectedTrack.jpeg>]
<./Images/DCAHits.jpeg, id=214, 850.17625pt x 528.97626pt>
File: ./Images/DCAHits.jpeg Graphic file (type jpg)

<use ./Images/DCAHits.jpeg>
Package pdftex.def Info: ./Images/DCAHits.jpeg used on input line 194.
(pdftex.def)             Requested size: 434.42737pt x 270.30118pt.

<./Images/DCATracks.jpeg, id=215, 819.06pt x 508.90125pt>
File: ./Images/DCATracks.jpeg Graphic file (type jpg)

<use ./Images/DCATracks.jpeg>
Package pdftex.def Info: ./Images/DCATracks.jpeg used on input line 200.
(pdftex.def)             Requested size: 435.06206pt x 270.30118pt.

<./Images/BadDCAEff.jpeg, id=216, 515.9275pt x 358.33875pt>
File: ./Images/BadDCAEff.jpeg Graphic file (type jpg)

<use ./Images/BadDCAEff.jpeg>
Package pdftex.def Info: ./Images/BadDCAEff.jpeg used on input line 206.
(pdftex.def)             Requested size: 389.19618pt x 270.30118pt.

<./Images/GoodDCAEff.jpeg, id=217, 826.08624pt x 488.82625pt>
File: ./Images/GoodDCAEff.jpeg Graphic file (type jpg)

<use ./Images/GoodDCAEff.jpeg>
Package pdftex.def Info: ./Images/GoodDCAEff.jpeg used on input line 213.
(pdftex.def)             Requested size: 456.7942pt x 270.30118pt.
 [22] [23 <./Images/DCAHits.jpeg> <./Images/DCATracks.jpeg>] [24 <./Images/BadD
CAEff.jpeg> <./Images/GoodDCAEff.jpeg>]
<./Images/ResolutionNoGoodFit.jpeg, id=238, 772.8875pt x 464.73625pt>
File: ./Images/ResolutionNoGoodFit.jpeg Graphic file (type jpg)

<use ./Images/ResolutionNoGoodFit.jpeg>
Package pdftex.def Info: ./Images/ResolutionNoGoodFit.jpeg used on input line 2
24.
(pdftex.def)             Requested size: 449.53694pt x 270.30118pt.

<./Images/GoodRes.jpeg, id=239, 715.67375pt x 525.965pt>
File: ./Images/GoodRes.jpeg Graphic file (type jpg)

<use ./Images/GoodRes.jpeg>
Package pdftex.def Info: ./Images/GoodRes.jpeg used on input line 230.
(pdftex.def)             Requested size: 367.80621pt x 270.30118pt.
 [25 <./Images/ResolutionNoGoodFit.jpeg>] [26 <./Images/GoodRes.jpeg>]
<./Images/ResolutionVsVoltage.jpeg, id=251, 749.80125pt x 445.665pt>
File: ./Images/ResolutionVsVoltage.jpeg Graphic file (type jpg)

<use ./Images/ResolutionVsVoltage.jpeg>
Package pdftex.def Info: ./Images/ResolutionVsVoltage.jpeg used on input line 2
44.
(pdftex.def)             Requested size: 454.76955pt x 270.30118pt.

<./Images/60HDataSetResidual.png, id=254, 702.625pt x 523.9575pt>
File: ./Images/60HDataSetResidual.png Graphic file (type png)

<use ./Images/60HDataSetResidual.png>
Package pdftex.def Info: ./Images/60HDataSetResidual.png used on input line 251
.
(pdftex.def)             Requested size: 362.4831pt x 270.30118pt.
 [27 <./Images/ResolutionVsVoltage.jpeg>]
<./Images/ResidualsRun.jpeg, id=260, 506.89375pt x 328.22626pt>
File: ./Images/ResidualsRun.jpeg Graphic file (type jpg)

<use ./Images/ResidualsRun.jpeg>
Package pdftex.def Info: ./Images/ResidualsRun.jpeg used on input line 258.
(pdftex.def)             Requested size: 417.44226pt x 270.30118pt.


LaTeX Warning: Reference `{fig:TempRun}' on page 28 undefined on input line 265
.


LaTeX Warning: Reference `{fig:ChiRun}' on page 28 undefined on input line 265.


[28 <./Images/60HDataSetResidual.png>]
<./Images/TempVsRunNumber.png, id=269, 1356.06625pt x 683.55376pt>
File: ./Images/TempVsRunNumber.png Graphic file (type png)

<use ./Images/TempVsRunNumber.png>
Package pdftex.def Info: ./Images/TempVsRunNumber.png used on input line 268.
(pdftex.def)             Requested size: 536.25072pt x 270.30118pt.

<./Images/VarianceVsTempIN.png, id=270, 702.625pt x 523.9575pt>
File: ./Images/VarianceVsTempIN.png Graphic file (type png)

<use ./Images/VarianceVsTempIN.png>
Package pdftex.def Info: ./Images/VarianceVsTempIN.png used on input line 274.
(pdftex.def)             Requested size: 362.4831pt x 270.30118pt.

<./Images/MeanChi260HDataSet.png, id=271, 929.4725pt x 586.19pt>
File: ./Images/MeanChi260HDataSet.png Graphic file (type png)

<use ./Images/MeanChi260HDataSet.png>
Package pdftex.def Info: ./Images/MeanChi260HDataSet.png used on input line 280
.
(pdftex.def)             Requested size: 428.5837pt x 270.30118pt.

<./Images/Chi2MeanVsTemp.png, id=272, 702.625pt x 523.9575pt>
File: ./Images/Chi2MeanVsTemp.png Graphic file (type png)

<use ./Images/Chi2MeanVsTemp.png>
Package pdftex.def Info: ./Images/Chi2MeanVsTemp.png used on input line 286.
(pdftex.def)             Requested size: 362.4831pt x 270.30118pt.

<./Images/Chi2RMSVsTemp.png, id=273, 702.625pt x 523.9575pt>
File: ./Images/Chi2RMSVsTemp.png Graphic file (type png)

<use ./Images/Chi2RMSVsTemp.png>
Package pdftex.def Info: ./Images/Chi2RMSVsTemp.png used on input line 292.
(pdftex.def)             Requested size: 362.4831pt x 270.30118pt.


LaTeX Warning: Reference `{fig:pressRun}' on page 29 undefined on input line 29
8.

<./Images/PressureVsRunNumber.png, id=275, 702.625pt x 523.9575pt>
File: ./Images/PressureVsRunNumber.png Graphic file (type png)

<use ./Images/PressureVsRunNumber.png>
Package pdftex.def Info: ./Images/PressureVsRunNumber.png used on input line 30
0.
(pdftex.def)             Requested size: 362.4831pt x 270.30118pt.
 [29 <./Images/ResidualsRun.jpeg>]
[30 <./Images/TempVsRunNumber.png> <./Images/VarianceVsTempIN.png>] [31 <./Imag
es/MeanChi260HDataSet.png> <./Images/Chi2MeanVsTemp.png>]
<./Images/Chi2MeanVsPressure.png, id=298, 702.625pt x 523.9575pt>
File: ./Images/Chi2MeanVsPressure.png Graphic file (type png)

<use ./Images/Chi2MeanVsPressure.png>
Package pdftex.def Info: ./Images/Chi2MeanVsPressure.png used on input line 308
.
(pdftex.def)             Requested size: 362.4831pt x 270.30118pt.

<./Images/Chi2RMSVsPressure.png, id=299, 702.625pt x 523.9575pt>
File: ./Images/Chi2RMSVsPressure.png Graphic file (type png)

<use ./Images/Chi2RMSVsPressure.png>
Package pdftex.def Info: ./Images/Chi2RMSVsPressure.png used on input line 314.

(pdftex.def)             Requested size: 362.4831pt x 270.30118pt.
 [32 <./Images/Chi2RMSVsTemp.png>] [33 <./Images/PressureVsRunNumber.png> <./Im
ages/Chi2MeanVsPressure.png>] [34 <./Images/Chi2RMSVsPressure.png>]

LaTeX Warning: Reference `{fig:AvgVertSmear}' on page 35 undefined on input lin
e 327.

<./Images/AvgVerticalSmear.png, id=323, 697.60625pt x 474.77374pt>
File: ./Images/AvgVerticalSmear.png Graphic file (type png)

<use ./Images/AvgVerticalSmear.png>
Package pdftex.def Info: ./Images/AvgVerticalSmear.png used on input line 329.
(pdftex.def)             Requested size: 397.18198pt x 270.30118pt.

<./Images/stdVerticalSmear.png, id=324, 698.61pt x 471.7625pt>
File: ./Images/stdVerticalSmear.png Graphic file (type png)

<use ./Images/stdVerticalSmear.png>
Package pdftex.def Info: ./Images/stdVerticalSmear.png used on input line 335.
(pdftex.def)             Requested size: 400.27986pt x 270.30118pt.
File: ./Images/stdVerticalSmear.png Graphic file (type png)
 <use ./Images/stdVerticalSmear.png>
Package pdftex.def Info: ./Images/stdVerticalSmear.png used on input line 341.
(pdftex.def)             Requested size: 400.27986pt x 270.30118pt.

<./Images/AvgRadialSmear.png, id=325, 692.5875pt x 475.7775pt>
File: ./Images/AvgRadialSmear.png Graphic file (type png)

<use ./Images/AvgRadialSmear.png>
Package pdftex.def Info: ./Images/AvgRadialSmear.png used on input line 347.
(pdftex.def)             Requested size: 393.48967pt x 270.30118pt.

<./Images/stdRadialSmear.png, id=326, 699.61375pt x 473.77pt>
File: ./Images/stdRadialSmear.png Graphic file (type png)

<use ./Images/stdRadialSmear.png>
Package pdftex.def Info: ./Images/stdRadialSmear.png used on input line 353.
(pdftex.def)             Requested size: 399.15761pt x 270.30118pt.
 [35] [36 <./Images/AvgVerticalSmear.png> <./Images/stdVerticalSmear.png>] [37 
<./Images/AvgRadialSmear.png>]
Package atveryend Info: Empty hook `BeforeClearDocument' on input line 365.
 [38 <./Images/stdRadialSmear.png>]
Package atveryend Info: Empty hook `AfterLastShipout' on input line 365.
 (./StrawTrackerSystematics.aux)
Package atveryend Info: Executing hook `AtVeryEndDocument' on input line 365.
Package atveryend Info: Executing hook `AtEndAfterFileList' on input line 365.
Package rerunfilecheck Info: File `StrawTrackerSystematics.out' has not changed
.
(rerunfilecheck)             Checksum: C3BECCE8B99A5796FE9C7B189AFAA4CC;926.


LaTeX Warning: There were undefined references.


LaTeX Warning: There were multiply-defined labels.

 ) 
Here is how much of TeX's memory you used:
 6951 strings out of 493014
 103917 string characters out of 6133351
 193625 words of memory out of 5000000
 10268 multiletter control sequences out of 15000+600000
 9867 words of font info for 39 fonts, out of 8000000 for 9000
 1141 hyphenation exceptions out of 8191
 38i,7n,32p,3021b,355s stack positions out of 5000i,500n,10000p,200000b,80000s
</usr/local/texlive/2016/texmf-dist/fonts/type1/public/amsfonts/cm/cmbx12.pfb
></usr/local/texlive/2016/texmf-dist/fonts/type1/public/amsfonts/cm/cmmi12.pfb>
</usr/local/texlive/2016/texmf-dist/fonts/type1/public/amsfonts/cm/cmr12.pfb></
usr/local/texlive/2016/texmf-dist/fonts/type1/public/amsfonts/cm/cmsy10.pfb>
Output written on StrawTrackerSystematics.pdf (38 pages, 1668100 bytes).
PDF statistics:
 392 PDF objects out of 1000 (max. 8388607)
 284 compressed objects within 3 object streams
 92 named destinations out of 1000 (max. 500000)
 294 words of extra memory for PDF output out of 10000 (max. 10000000)

